I, [2022-09-13T12:07:49.954136 #79011]  INFO -- : Registered expected interaction GET users/1
D, [2022-09-13T12:07:49.954533 #79011] DEBUG -- : {
  "description": "User Geo is requested",
  "providerState": "User Geo exists.",
  "request": {
    "method": "GET",
    "path": {
      "json_class": "Pact::Term",
      "data": {
        "generate": "users/1",
        "matcher": {
          "json_class": "Regexp",
          "o": 0,
          "s": "users/[0-9]+"
        }
      }
    }
  },
  "response": {
    "status": 200,
    "headers": {
    },
    "body": {
      "json_class": "Pact::SomethingLike",
      "contents": {
        "id": "1",
        "firstName": "Geo",
        "lastName": "Paul"
      }
    }
  },
  "metadata": null
}
I, [2022-09-13T12:07:49.959271 #79011]  INFO -- : Received request GET /users/1
D, [2022-09-13T12:07:49.959541 #79011] DEBUG -- : {
  "path": "/users/1",
  "query": "",
  "method": "get",
  "headers": {
    "Host": "localhost:52119",
    "User-Agent": "Go-http-client/1.1",
    "Accept-Encoding": "gzip",
    "Version": "HTTP/1.1"
  }
}
I, [2022-09-13T12:07:49.959821 #79011]  INFO -- : Found matching response for GET users/1
D, [2022-09-13T12:07:49.963331 #79011] DEBUG -- : {
  "status": 200,
  "headers": {
  },
  "body": {
    "json_class": "Pact::SomethingLike",
    "contents": {
      "id": "1",
      "firstName": "Geo",
      "lastName": "Paul"
    }
  }
}
I, [2022-09-13T12:07:49.964216 #79011]  INFO -- : Verifying - interactions matched
I, [2022-09-13T12:07:49.965137 #79011]  INFO -- : Cleared interactions
I, [2022-09-13T12:07:49.966797 #79011]  INFO -- : Writing pact for example-server to /Users/geopaul/code/pacttest/pacts/example-client-example-server.json
